<?xml version="1.0" encoding="UTF-8"?>
<testsuite name="s.j.millington.filtering.CriteriaTest" tests="2" skipped="0" failures="0" errors="0" timestamp="2019-01-15T10:47:13" hostname="equipment" time="0.002">
  <properties/>
  <testcase name="givenAllPersons_whenUnboundedListOfCriteriaMaleAndMarried_check2Returned" classname="s.j.millington.filtering.CriteriaTest" time="0.001"/>
  <testcase name="given3Males_whenMaleCriteriaCalled_check3MalesReturned" classname="s.j.millington.filtering.CriteriaTest" time="0.001"/>
  <system-out><![CDATA[]]></system-out>
  <system-err><![CDATA[]]></system-err>
</testsuite>
